<?xml version="1.0" encoding="UTF-8"?>
<testsuite xmlns:xsi="http://www.w3.org/2001/XMLSchema-instance" xsi:noNamespaceSchemaLocation="https://maven.apache.org/surefire/maven-surefire-plugin/xsd/surefire-test-report-3.0.xsd" version="3.0" name="org.fourz.rvnkcore.api.service.impl.ServletRegistrationServiceImplTest$ThreadSafety" time="0.224" tests="3" errors="0" skipped="0" failures="0">
  <properties>
[...]
</properties>
  <testcase name="testRegistrationDuringContextSet" classname="org.fourz.rvnkcore.api.service.impl.ServletRegistrationServiceImplTest$ThreadSafety" time="0.07">
    <system-err><![CDATA[Jan 31, 2026 8:53:55 PM org.fourz.rvnkcore.util.log.LogManager info
INFO: [ServletRegistrationServiceImpl] Registered external servlet: HttpServlet$MockitoMock$kSgXg0Mr at /api/race0/* (authenticated)
Jan 31, 2026 8:53:55 PM org.fourz.rvnkcore.util.log.LogManager info
INFO: [ServletRegistrationServiceImpl] Registered external servlet: HttpServlet$MockitoMock$kSgXg0Mr at /api/race1/* (authenticated)
Jan 31, 2026 8:53:55 PM org.fourz.rvnkcore.util.log.LogManager info
INFO: [ServletRegistrationServiceImpl] Registered external servlet: HttpServlet$MockitoMock$kSgXg0Mr at /api/race2/* (authenticated)
Jan 31, 2026 8:53:55 PM org.fourz.rvnkcore.util.log.LogManager info
INFO: [ServletRegistrationServiceImpl] Registered external servlet: HttpServlet$MockitoMock$kSgXg0Mr at /api/race3/* (authenticated)
Jan 31, 2026 8:53:55 PM org.fourz.rvnkcore.util.log.LogManager info
INFO: [ServletRegistrationServiceImpl] Registered external servlet: HttpServlet$MockitoMock$kSgXg0Mr at /api/race4/* (authenticated)
Jan 31, 2026 8:53:55 PM org.fourz.rvnkcore.util.log.LogManager info
INFO: [ServletRegistrationServiceImpl] Registered external servlet: HttpServlet$MockitoMock$kSgXg0Mr at /api/race5/* (authenticated)
Jan 31, 2026 8:53:55 PM org.fourz.rvnkcore.util.log.LogManager info
INFO: [ServletRegistrationServiceImpl] Applied 5 pending servlet registrations
Jan 31, 2026 8:53:55 PM org.fourz.rvnkcore.util.log.LogManager info
INFO: [ServletRegistrationServiceImpl] Registered external servlet: HttpServlet$MockitoMock$kSgXg0Mr at /api/race6/* (authenticated)
Jan 31, 2026 8:53:55 PM org.fourz.rvnkcore.util.log.LogManager info
INFO: [ServletRegistrationServiceImpl] Registered external servlet: HttpServlet$MockitoMock$kSgXg0Mr at /api/race7/* (authenticated)
Jan 31, 2026 8:53:55 PM org.fourz.rvnkcore.util.log.LogManager info
INFO: [ServletRegistrationServiceImpl] Registered external servlet: HttpServlet$MockitoMock$kSgXg0Mr at /api/race8/* (authenticated)
Jan 31, 2026 8:53:55 PM org.fourz.rvnkcore.util.log.LogManager info
INFO: [ServletRegistrationServiceImpl] Registered external servlet: HttpServlet$MockitoMock$kSgXg0Mr at /api/race9/* (authenticated)
Jan 31, 2026 8:53:55 PM org.fourz.rvnkcore.util.log.LogManager info
INFO: [ServletRegistrationServiceImpl] Registered external servlet: HttpServlet$MockitoMock$kSgXg0Mr at /api/race10/* (authenticated)
Jan 31, 2026 8:53:55 PM org.fourz.rvnkcore.util.log.LogManager info
INFO: [ServletRegistrationServiceImpl] Registered external servlet: HttpServlet$MockitoMock$kSgXg0Mr at /api/race11/* (authenticated)
Jan 31, 2026 8:53:55 PM org.fourz.rvnkcore.util.log.LogManager info
INFO: [ServletRegistrationServiceImpl] Registered external servlet: HttpServlet$MockitoMock$kSgXg0Mr at /api/race12/* (authenticated)
Jan 31, 2026 8:53:55 PM org.fourz.rvnkcore.util.log.LogManager info
INFO: [ServletRegistrationServiceImpl] Registered external servlet: HttpServlet$MockitoMock$kSgXg0Mr at /api/race13/* (authenticated)
Jan 31, 2026 8:53:55 PM org.fourz.rvnkcore.util.log.LogManager info
INFO: [ServletRegistrationServiceImpl] Registered external servlet: HttpServlet$MockitoMock$kSgXg0Mr at /api/race14/* (authenticated)
Jan 31, 2026 8:53:55 PM org.fourz.rvnkcore.util.log.LogManager info
INFO: [ServletRegistrationServiceImpl] Registered external servlet: HttpServlet$MockitoMock$kSgXg0Mr at /api/race15/* (authenticated)
Jan 31, 2026 8:53:55 PM org.fourz.rvnkcore.util.log.LogManager info
INFO: [ServletRegistrationServiceImpl] Registered external servlet: HttpServlet$MockitoMock$kSgXg0Mr at /api/race16/* (authenticated)
Jan 31, 2026 8:53:55 PM org.fourz.rvnkcore.util.log.LogManager info
INFO: [ServletRegistrationServiceImpl] Registered external servlet: HttpServlet$MockitoMock$kSgXg0Mr at /api/race17/* (authenticated)
Jan 31, 2026 8:53:55 PM org.fourz.rvnkcore.util.log.LogManager info
INFO: [ServletRegistrationServiceImpl] Registered external servlet: HttpServlet$MockitoMock$kSgXg0Mr at /api/race18/* (authenticated)
Jan 31, 2026 8:53:55 PM org.fourz.rvnkcore.util.log.LogManager info
INFO: [ServletRegistrationServiceImpl] Registered external servlet: HttpServlet$MockitoMock$kSgXg0Mr at /api/race19/* (authenticated)
Jan 31, 2026 8:53:55 PM org.fourz.rvnkcore.util.log.LogManager info
INFO: [ServletRegistrationServiceImpl] Registered external servlet: HttpServlet$MockitoMock$kSgXg0Mr at /api/race20/* (authenticated)
Jan 31, 2026 8:53:55 PM org.fourz.rvnkcore.util.log.LogManager info
INFO: [ServletRegistrationServiceImpl] Registered external servlet: HttpServlet$MockitoMock$kSgXg0Mr at /api/race21/* (authenticated)
Jan 31, 2026 8:53:55 PM org.fourz.rvnkcore.util.log.LogManager info
INFO: [ServletRegistrationServiceImpl] Registered external servlet: HttpServlet$MockitoMock$kSgXg0Mr at /api/race22/* (authenticated)
Jan 31, 2026 8:53:55 PM org.fourz.rvnkcore.util.log.LogManager info
INFO: [ServletRegistrationServiceImpl] Registered external servlet: HttpServlet$MockitoMock$kSgXg0Mr at /api/race23/* (authenticated)
Jan 31, 2026 8:53:55 PM org.fourz.rvnkcore.util.log.LogManager info
INFO: [ServletRegistrationServiceImpl] Registered external servlet: HttpServlet$MockitoMock$kSgXg0Mr at /api/race24/* (authenticated)
Jan 31, 2026 8:53:55 PM org.fourz.rvnkcore.util.log.LogManager info
INFO: [ServletRegistrationServiceImpl] Registered external servlet: HttpServlet$MockitoMock$kSgXg0Mr at /api/race25/* (authenticated)
Jan 31, 2026 8:53:55 PM org.fourz.rvnkcore.util.log.LogManager info
INFO: [ServletRegistrationServiceImpl] Registered external servlet: HttpServlet$MockitoMock$kSgXg0Mr at /api/race26/* (authenticated)
Jan 31, 2026 8:53:55 PM org.fourz.rvnkcore.util.log.LogManager info
INFO: [ServletRegistrationServiceImpl] Registered external servlet: HttpServlet$MockitoMock$kSgXg0Mr at /api/race27/* (authenticated)
Jan 31, 2026 8:53:55 PM org.fourz.rvnkcore.util.log.LogManager info
INFO: [ServletRegistrationServiceImpl] Registered external servlet: HttpServlet$MockitoMock$kSgXg0Mr at /api/race28/* (authenticated)
Jan 31, 2026 8:53:55 PM org.fourz.rvnkcore.util.log.LogManager info
INFO: [ServletRegistrationServiceImpl] Registered external servlet: HttpServlet$MockitoMock$kSgXg0Mr at /api/race29/* (authenticated)
Jan 31, 2026 8:53:55 PM org.fourz.rvnkcore.util.log.LogManager info
INFO: [ServletRegistrationServiceImpl] Registered external servlet: HttpServlet$MockitoMock$kSgXg0Mr at /api/race30/* (authenticated)
Jan 31, 2026 8:53:55 PM org.fourz.rvnkcore.util.log.LogManager info
INFO: [ServletRegistrationServiceImpl] Registered external servlet: HttpServlet$MockitoMock$kSgXg0Mr at /api/race31/* (authenticated)
Jan 31, 2026 8:53:55 PM org.fourz.rvnkcore.util.log.LogManager info
INFO: [ServletRegistrationServiceImpl] Registered external servlet: HttpServlet$MockitoMock$kSgXg0Mr at /api/race32/* (authenticated)
Jan 31, 2026 8:53:55 PM org.fourz.rvnkcore.util.log.LogManager info
INFO: [ServletRegistrationServiceImpl] Registered external servlet: HttpServlet$MockitoMock$kSgXg0Mr at /api/race33/* (authenticated)
Jan 31, 2026 8:53:55 PM org.fourz.rvnkcore.util.log.LogManager info
INFO: [ServletRegistrationServiceImpl] Registered external servlet: HttpServlet$MockitoMock$kSgXg0Mr at /api/race34/* (authenticated)
Jan 31, 2026 8:53:55 PM org.fourz.rvnkcore.util.log.LogManager info
INFO: [ServletRegistrationServiceImpl] Registered external servlet: HttpServlet$MockitoMock$kSgXg0Mr at /api/race35/* (authenticated)
Jan 31, 2026 8:53:55 PM org.fourz.rvnkcore.util.log.LogManager info
INFO: [ServletRegistrationServiceImpl] Registered external servlet: HttpServlet$MockitoMock$kSgXg0Mr at /api/race36/* (authenticated)
Jan 31, 2026 8:53:55 PM org.fourz.rvnkcore.util.log.LogManager info
INFO: [ServletRegistrationServiceImpl] Registered external servlet: HttpServlet$MockitoMock$kSgXg0Mr at /api/race37/* (authenticated)
Jan 31, 2026 8:53:55 PM org.fourz.rvnkcore.util.log.LogManager info
INFO: [ServletRegistrationServiceImpl] Registered external servlet: HttpServlet$MockitoMock$kSgXg0Mr at /api/race38/* (authenticated)
Jan 31, 2026 8:53:55 PM org.fourz.rvnkcore.util.log.LogManager info
INFO: [ServletRegistrationServiceImpl] Registered external servlet: HttpServlet$MockitoMock$kSgXg0Mr at /api/race39/* (authenticated)
Jan 31, 2026 8:53:55 PM org.fourz.rvnkcore.util.log.LogManager info
INFO: [ServletRegistrationServiceImpl] Registered external servlet: HttpServlet$MockitoMock$kSgXg0Mr at /api/race40/* (authenticated)
Jan 31, 2026 8:53:55 PM org.fourz.rvnkcore.util.log.LogManager info
INFO: [ServletRegistrationServiceImpl] Registered external servlet: HttpServlet$MockitoMock$kSgXg0Mr at /api/race41/* (authenticated)
Jan 31, 2026 8:53:55 PM org.fourz.rvnkcore.util.log.LogManager info
INFO: [ServletRegistrationServiceImpl] Registered external servlet: HttpServlet$MockitoMock$kSgXg0Mr at /api/race42/* (authenticated)
Jan 31, 2026 8:53:55 PM org.fourz.rvnkcore.util.log.LogManager info
INFO: [ServletRegistrationServiceImpl] Registered external servlet: HttpServlet$MockitoMock$kSgXg0Mr at /api/race43/* (authenticated)
Jan 31, 2026 8:53:55 PM org.fourz.rvnkcore.util.log.LogManager info
INFO: [ServletRegistrationServiceImpl] Registered external servlet: HttpServlet$MockitoMock$kSgXg0Mr at /api/race44/* (authenticated)
Jan 31, 2026 8:53:55 PM org.fourz.rvnkcore.util.log.LogManager info
INFO: [ServletRegistrationServiceImpl] Registered external servlet: HttpServlet$MockitoMock$kSgXg0Mr at /api/race45/* (authenticated)
Jan 31, 2026 8:53:55 PM org.fourz.rvnkcore.util.log.LogManager info
INFO: [ServletRegistrationServiceImpl] Registered external servlet: HttpServlet$MockitoMock$kSgXg0Mr at /api/race46/* (authenticated)
Jan 31, 2026 8:53:55 PM org.fourz.rvnkcore.util.log.LogManager info
INFO: [ServletRegistrationServiceImpl] Registered external servlet: HttpServlet$MockitoMock$kSgXg0Mr at /api/race47/* (authenticated)
Jan 31, 2026 8:53:55 PM org.fourz.rvnkcore.util.log.LogManager info
INFO: [ServletRegistrationServiceImpl] Registered external servlet: HttpServlet$MockitoMock$kSgXg0Mr at /api/race48/* (authenticated)
Jan 31, 2026 8:53:55 PM org.fourz.rvnkcore.util.log.LogManager info
INFO: [ServletRegistrationServiceImpl] Registered external servlet: HttpServlet$MockitoMock$kSgXg0Mr at /api/race49/* (authenticated)
]]></system-err>
  </testcase>
  <testcase name="testConcurrentRegistrations" classname="org.fourz.rvnkcore.api.service.impl.ServletRegistrationServiceImplTest$ThreadSafety" time="0.059">
    <system-err><![CDATA[Jan 31, 2026 8:53:55 PM org.fourz.rvnkcore.util.log.LogManager info
INFO: [ServletRegistrationServiceImpl] Registered external servlet: HttpServlet$MockitoMock$kSgXg0Mr at /api/thread1/servlet0/* (authenticated)
Jan 31, 2026 8:53:55 PM org.fourz.rvnkcore.util.log.LogManager info
INFO: [ServletRegistrationServiceImpl] Registered external servlet: HttpServlet$MockitoMock$kSgXg0Mr at /api/thread9/servlet0/* (authenticated)
Jan 31, 2026 8:53:55 PM org.fourz.rvnkcore.util.log.LogManager info
INFO: [ServletRegistrationServiceImpl] Registered external servlet: HttpServlet$MockitoMock$kSgXg0Mr at /api/thread0/servlet0/* (authenticated)
Jan 31, 2026 8:53:55 PM org.fourz.rvnkcore.util.log.LogManager info
INFO: [ServletRegistrationServiceImpl] Registered external servlet: HttpServlet$MockitoMock$kSgXg0Mr at /api/thread7/servlet0/* (authenticated)
Jan 31, 2026 8:53:55 PM org.fourz.rvnkcore.util.log.LogManager info
INFO: [ServletRegistrationServiceImpl] Registered external servlet: HttpServlet$MockitoMock$kSgXg0Mr at /api/thread6/servlet0/* (authenticated)
Jan 31, 2026 8:53:55 PM org.fourz.rvnkcore.util.log.LogManager info
INFO: [ServletRegistrationServiceImpl] Registered external servlet: HttpServlet$MockitoMock$kSgXg0Mr at /api/thread3/servlet0/* (authenticated)
Jan 31, 2026 8:53:55 PM org.fourz.rvnkcore.util.log.LogManager info
INFO: [ServletRegistrationServiceImpl] Registered external servlet: HttpServlet$MockitoMock$kSgXg0Mr at /api/thread2/servlet0/* (authenticated)
Jan 31, 2026 8:53:55 PM org.fourz.rvnkcore.util.log.LogManager info
INFO: [ServletRegistrationServiceImpl] Registered external servlet: HttpServlet$MockitoMock$kSgXg0Mr at /api/thread4/servlet0/* (authenticated)
Jan 31, 2026 8:53:55 PM org.fourz.rvnkcore.util.log.LogManager info
INFO: [ServletRegistrationServiceImpl] Registered external servlet: HttpServlet$MockitoMock$kSgXg0Mr at /api/thread8/servlet0/* (authenticated)
Jan 31, 2026 8:53:55 PM org.fourz.rvnkcore.util.log.LogManager info
INFO: [ServletRegistrationServiceImpl] Registered external servlet: HttpServlet$MockitoMock$kSgXg0Mr at /api/thread5/servlet0/* (authenticated)
Jan 31, 2026 8:53:55 PM org.fourz.rvnkcore.util.log.LogManager info
INFO: [ServletRegistrationServiceImpl] Registered external servlet: HttpServlet$MockitoMock$kSgXg0Mr at /api/thread1/servlet1/* (authenticated)
Jan 31, 2026 8:53:55 PM org.fourz.rvnkcore.util.log.LogManager info
INFO: [ServletRegistrationServiceImpl] Registered external servlet: HttpServlet$MockitoMock$kSgXg0Mr at /api/thread9/servlet1/* (authenticated)
Jan 31, 2026 8:53:55 PM org.fourz.rvnkcore.util.log.LogManager info
INFO: [ServletRegistrationServiceImpl] Registered external servlet: HttpServlet$MockitoMock$kSgXg0Mr at /api/thread0/servlet1/* (authenticated)
Jan 31, 2026 8:53:55 PM org.fourz.rvnkcore.util.log.LogManager info
INFO: [ServletRegistrationServiceImpl] Registered external servlet: HttpServlet$MockitoMock$kSgXg0Mr at /api/thread7/servlet1/* (authenticated)
Jan 31, 2026 8:53:55 PM org.fourz.rvnkcore.util.log.LogManager info
INFO: [ServletRegistrationServiceImpl] Registered external servlet: HttpServlet$MockitoMock$kSgXg0Mr at /api/thread6/servlet1/* (authenticated)
Jan 31, 2026 8:53:55 PM org.fourz.rvnkcore.util.log.LogManager info
INFO: [ServletRegistrationServiceImpl] Registered external servlet: HttpServlet$MockitoMock$kSgXg0Mr at /api/thread3/servlet1/* (authenticated)
Jan 31, 2026 8:53:55 PM org.fourz.rvnkcore.util.log.LogManager info
INFO: [ServletRegistrationServiceImpl] Registered external servlet: HttpServlet$MockitoMock$kSgXg0Mr at /api/thread2/servlet1/* (authenticated)
Jan 31, 2026 8:53:55 PM org.fourz.rvnkcore.util.log.LogManager info
INFO: [ServletRegistrationServiceImpl] Registered external servlet: HttpServlet$MockitoMock$kSgXg0Mr at /api/thread4/servlet1/* (authenticated)
Jan 31, 2026 8:53:55 PM org.fourz.rvnkcore.util.log.LogManager info
INFO: [ServletRegistrationServiceImpl] Registered external servlet: HttpServlet$MockitoMock$kSgXg0Mr at /api/thread8/servlet1/* (authenticated)
Jan 31, 2026 8:53:55 PM org.fourz.rvnkcore.util.log.LogManager info
INFO: [ServletRegistrationServiceImpl] Registered external servlet: HttpServlet$MockitoMock$kSgXg0Mr at /api/thread5/servlet1/* (authenticated)
Jan 31, 2026 8:53:55 PM org.fourz.rvnkcore.util.log.LogManager info
INFO: [ServletRegistrationServiceImpl] Registered external servlet: HttpServlet$MockitoMock$kSgXg0Mr at /api/thread1/servlet2/* (authenticated)
Jan 31, 2026 8:53:55 PM org.fourz.rvnkcore.util.log.LogManager info
INFO: [ServletRegistrationServiceImpl] Registered external servlet: HttpServlet$MockitoMock$kSgXg0Mr at /api/thread9/servlet2/* (authenticated)
Jan 31, 2026 8:53:55 PM org.fourz.rvnkcore.util.log.LogManager info
INFO: [ServletRegistrationServiceImpl] Registered external servlet: HttpServlet$MockitoMock$kSgXg0Mr at /api/thread0/servlet2/* (authenticated)
Jan 31, 2026 8:53:55 PM org.fourz.rvnkcore.util.log.LogManager info
INFO: [ServletRegistrationServiceImpl] Registered external servlet: HttpServlet$MockitoMock$kSgXg0Mr at /api/thread7/servlet2/* (authenticated)
Jan 31, 2026 8:53:55 PM org.fourz.rvnkcore.util.log.LogManager info
INFO: [ServletRegistrationServiceImpl] Registered external servlet: HttpServlet$MockitoMock$kSgXg0Mr at /api/thread6/servlet2/* (authenticated)
Jan 31, 2026 8:53:55 PM org.fourz.rvnkcore.util.log.LogManager info
INFO: [ServletRegistrationServiceImpl] Registered external servlet: HttpServlet$MockitoMock$kSgXg0Mr at /api/thread3/servlet2/* (authenticated)
Jan 31, 2026 8:53:55 PM org.fourz.rvnkcore.util.log.LogManager info
INFO: [ServletRegistrationServiceImpl] Registered external servlet: HttpServlet$MockitoMock$kSgXg0Mr at /api/thread2/servlet2/* (authenticated)
Jan 31, 2026 8:53:55 PM org.fourz.rvnkcore.util.log.LogManager info
INFO: [ServletRegistrationServiceImpl] Registered external servlet: HttpServlet$MockitoMock$kSgXg0Mr at /api/thread4/servlet2/* (authenticated)
Jan 31, 2026 8:53:55 PM org.fourz.rvnkcore.util.log.LogManager info
INFO: [ServletRegistrationServiceImpl] Registered external servlet: HttpServlet$MockitoMock$kSgXg0Mr at /api/thread8/servlet2/* (authenticated)
Jan 31, 2026 8:53:55 PM org.fourz.rvnkcore.util.log.LogManager info
INFO: [ServletRegistrationServiceImpl] Registered external servlet: HttpServlet$MockitoMock$kSgXg0Mr at /api/thread5/servlet2/* (authenticated)
Jan 31, 2026 8:53:55 PM org.fourz.rvnkcore.util.log.LogManager info
INFO: [ServletRegistrationServiceImpl] Registered external servlet: HttpServlet$MockitoMock$kSgXg0Mr at /api/thread1/servlet3/* (authenticated)
Jan 31, 2026 8:53:55 PM org.fourz.rvnkcore.util.log.LogManager info
INFO: [ServletRegistrationServiceImpl] Registered external servlet: HttpServlet$MockitoMock$kSgXg0Mr at /api/thread9/servlet3/* (authenticated)
Jan 31, 2026 8:53:55 PM org.fourz.rvnkcore.util.log.LogManager info
INFO: [ServletRegistrationServiceImpl] Registered external servlet: HttpServlet$MockitoMock$kSgXg0Mr at /api/thread0/servlet3/* (authenticated)
Jan 31, 2026 8:53:55 PM org.fourz.rvnkcore.util.log.LogManager info
INFO: [ServletRegistrationServiceImpl] Registered external servlet: HttpServlet$MockitoMock$kSgXg0Mr at /api/thread7/servlet3/* (authenticated)
Jan 31, 2026 8:53:55 PM org.fourz.rvnkcore.util.log.LogManager info
INFO: [ServletRegistrationServiceImpl] Registered external servlet: HttpServlet$MockitoMock$kSgXg0Mr at /api/thread6/servlet3/* (authenticated)
Jan 31, 2026 8:53:55 PM org.fourz.rvnkcore.util.log.LogManager info
INFO: [ServletRegistrationServiceImpl] Registered external servlet: HttpServlet$MockitoMock$kSgXg0Mr at /api/thread3/servlet3/* (authenticated)
Jan 31, 2026 8:53:55 PM org.fourz.rvnkcore.util.log.LogManager info
INFO: [ServletRegistrationServiceImpl] Registered external servlet: HttpServlet$MockitoMock$kSgXg0Mr at /api/thread2/servlet3/* (authenticated)
Jan 31, 2026 8:53:55 PM org.fourz.rvnkcore.util.log.LogManager info
INFO: [ServletRegistrationServiceImpl] Registered external servlet: HttpServlet$MockitoMock$kSgXg0Mr at /api/thread4/servlet3/* (authenticated)
Jan 31, 2026 8:53:55 PM org.fourz.rvnkcore.util.log.LogManager info
INFO: [ServletRegistrationServiceImpl] Registered external servlet: HttpServlet$MockitoMock$kSgXg0Mr at /api/thread8/servlet3/* (authenticated)
Jan 31, 2026 8:53:55 PM org.fourz.rvnkcore.util.log.LogManager info
INFO: [ServletRegistrationServiceImpl] Registered external servlet: HttpServlet$MockitoMock$kSgXg0Mr at /api/thread5/servlet3/* (authenticated)
Jan 31, 2026 8:53:55 PM org.fourz.rvnkcore.util.log.LogManager info
INFO: [ServletRegistrationServiceImpl] Registered external servlet: HttpServlet$MockitoMock$kSgXg0Mr at /api/thread1/servlet4/* (authenticated)
Jan 31, 2026 8:53:55 PM org.fourz.rvnkcore.util.log.LogManager info
INFO: [ServletRegistrationServiceImpl] Registered external servlet: HttpServlet$MockitoMock$kSgXg0Mr at /api/thread9/servlet4/* (authenticated)
Jan 31, 2026 8:53:55 PM org.fourz.rvnkcore.util.log.LogManager info
INFO: [ServletRegistrationServiceImpl] Registered external servlet: HttpServlet$MockitoMock$kSgXg0Mr at /api/thread0/servlet4/* (authenticated)
Jan 31, 2026 8:53:55 PM org.fourz.rvnkcore.util.log.LogManager info
INFO: [ServletRegistrationServiceImpl] Registered external servlet: HttpServlet$MockitoMock$kSgXg0Mr at /api/thread7/servlet4/* (authenticated)
Jan 31, 2026 8:53:55 PM org.fourz.rvnkcore.util.log.LogManager info
INFO: [ServletRegistrationServiceImpl] Registered external servlet: HttpServlet$MockitoMock$kSgXg0Mr at /api/thread6/servlet4/* (authenticated)
Jan 31, 2026 8:53:55 PM org.fourz.rvnkcore.util.log.LogManager info
INFO: [ServletRegistrationServiceImpl] Registered external servlet: HttpServlet$MockitoMock$kSgXg0Mr at /api/thread7/servlet5/* (authenticated)
Jan 31, 2026 8:53:55 PM org.fourz.rvnkcore.util.log.LogManager info
INFO: [ServletRegistrationServiceImpl] Registered external servlet: HttpServlet$MockitoMock$kSgXg0Mr at /api/thread3/servlet4/* (authenticated)
Jan 31, 2026 8:53:55 PM org.fourz.rvnkcore.util.log.LogManager info
INFO: [ServletRegistrationServiceImpl] Registered external servlet: HttpServlet$MockitoMock$kSgXg0Mr at /api/thread2/servlet4/* (authenticated)
Jan 31, 2026 8:53:55 PM org.fourz.rvnkcore.util.log.LogManager info
INFO: [ServletRegistrationServiceImpl] Registered external servlet: HttpServlet$MockitoMock$kSgXg0Mr at /api/thread4/servlet4/* (authenticated)
Jan 31, 2026 8:53:55 PM org.fourz.rvnkcore.util.log.LogManager info
INFO: [ServletRegistrationServiceImpl] Registered external servlet: HttpServlet$MockitoMock$kSgXg0Mr at /api/thread8/servlet4/* (authenticated)
Jan 31, 2026 8:53:55 PM org.fourz.rvnkcore.util.log.LogManager info
INFO: [ServletRegistrationServiceImpl] Registered external servlet: HttpServlet$MockitoMock$kSgXg0Mr at /api/thread5/servlet4/* (authenticated)
Jan 31, 2026 8:53:55 PM org.fourz.rvnkcore.util.log.LogManager info
INFO: [ServletRegistrationServiceImpl] Registered external servlet: HttpServlet$MockitoMock$kSgXg0Mr at /api/thread1/servlet5/* (authenticated)
Jan 31, 2026 8:53:55 PM org.fourz.rvnkcore.util.log.LogManager info
INFO: [ServletRegistrationServiceImpl] Registered external servlet: HttpServlet$MockitoMock$kSgXg0Mr at /api/thread9/servlet5/* (authenticated)
Jan 31, 2026 8:53:55 PM org.fourz.rvnkcore.util.log.LogManager info
INFO: [ServletRegistrationServiceImpl] Registered external servlet: HttpServlet$MockitoMock$kSgXg0Mr at /api/thread0/servlet5/* (authenticated)
Jan 31, 2026 8:53:55 PM org.fourz.rvnkcore.util.log.LogManager info
INFO: [ServletRegistrationServiceImpl] Registered external servlet: HttpServlet$MockitoMock$kSgXg0Mr at /api/thread7/servlet6/* (authenticated)
Jan 31, 2026 8:53:55 PM org.fourz.rvnkcore.util.log.LogManager info
INFO: [ServletRegistrationServiceImpl] Registered external servlet: HttpServlet$MockitoMock$kSgXg0Mr at /api/thread3/servlet5/* (authenticated)
Jan 31, 2026 8:53:55 PM org.fourz.rvnkcore.util.log.LogManager info
INFO: [ServletRegistrationServiceImpl] Registered external servlet: HttpServlet$MockitoMock$kSgXg0Mr at /api/thread7/servlet7/* (authenticated)
Jan 31, 2026 8:53:55 PM org.fourz.rvnkcore.util.log.LogManager info
INFO: [ServletRegistrationServiceImpl] Registered external servlet: HttpServlet$MockitoMock$kSgXg0Mr at /api/thread2/servlet5/* (authenticated)
Jan 31, 2026 8:53:55 PM org.fourz.rvnkcore.util.log.LogManager info
INFO: [ServletRegistrationServiceImpl] Registered external servlet: HttpServlet$MockitoMock$kSgXg0Mr at /api/thread4/servlet5/* (authenticated)
Jan 31, 2026 8:53:55 PM org.fourz.rvnkcore.util.log.LogManager info
INFO: [ServletRegistrationServiceImpl] Registered external servlet: HttpServlet$MockitoMock$kSgXg0Mr at /api/thread8/servlet5/* (authenticated)
Jan 31, 2026 8:53:55 PM org.fourz.rvnkcore.util.log.LogManager info
INFO: [ServletRegistrationServiceImpl] Registered external servlet: HttpServlet$MockitoMock$kSgXg0Mr at /api/thread5/servlet5/* (authenticated)
Jan 31, 2026 8:53:55 PM org.fourz.rvnkcore.util.log.LogManager info
INFO: [ServletRegistrationServiceImpl] Registered external servlet: HttpServlet$MockitoMock$kSgXg0Mr at /api/thread1/servlet6/* (authenticated)
Jan 31, 2026 8:53:55 PM org.fourz.rvnkcore.util.log.LogManager info
INFO: [ServletRegistrationServiceImpl] Registered external servlet: HttpServlet$MockitoMock$kSgXg0Mr at /api/thread9/servlet6/* (authenticated)
Jan 31, 2026 8:53:55 PM org.fourz.rvnkcore.util.log.LogManager info
INFO: [ServletRegistrationServiceImpl] Registered external servlet: HttpServlet$MockitoMock$kSgXg0Mr at /api/thread6/servlet5/* (authenticated)
Jan 31, 2026 8:53:55 PM org.fourz.rvnkcore.util.log.LogManager info
INFO: [ServletRegistrationServiceImpl] Registered external servlet: HttpServlet$MockitoMock$kSgXg0Mr at /api/thread0/servlet6/* (authenticated)
Jan 31, 2026 8:53:55 PM org.fourz.rvnkcore.util.log.LogManager info
INFO: [ServletRegistrationServiceImpl] Registered external servlet: HttpServlet$MockitoMock$kSgXg0Mr at /api/thread3/servlet6/* (authenticated)
Jan 31, 2026 8:53:55 PM org.fourz.rvnkcore.util.log.LogManager info
INFO: [ServletRegistrationServiceImpl] Registered external servlet: HttpServlet$MockitoMock$kSgXg0Mr at /api/thread7/servlet8/* (authenticated)
Jan 31, 2026 8:53:55 PM org.fourz.rvnkcore.util.log.LogManager info
INFO: [ServletRegistrationServiceImpl] Registered external servlet: HttpServlet$MockitoMock$kSgXg0Mr at /api/thread2/servlet6/* (authenticated)
Jan 31, 2026 8:53:55 PM org.fourz.rvnkcore.util.log.LogManager info
INFO: [ServletRegistrationServiceImpl] Registered external servlet: HttpServlet$MockitoMock$kSgXg0Mr at /api/thread4/servlet6/* (authenticated)
Jan 31, 2026 8:53:55 PM org.fourz.rvnkcore.util.log.LogManager info
INFO: [ServletRegistrationServiceImpl] Registered external servlet: HttpServlet$MockitoMock$kSgXg0Mr at /api/thread8/servlet6/* (authenticated)
Jan 31, 2026 8:53:55 PM org.fourz.rvnkcore.util.log.LogManager info
INFO: [ServletRegistrationServiceImpl] Registered external servlet: HttpServlet$MockitoMock$kSgXg0Mr at /api/thread4/servlet7/* (authenticated)
Jan 31, 2026 8:53:55 PM org.fourz.rvnkcore.util.log.LogManager info
INFO: [ServletRegistrationServiceImpl] Registered external servlet: HttpServlet$MockitoMock$kSgXg0Mr at /api/thread5/servlet6/* (authenticated)
Jan 31, 2026 8:53:55 PM org.fourz.rvnkcore.util.log.LogManager info
INFO: [ServletRegistrationServiceImpl] Registered external servlet: HttpServlet$MockitoMock$kSgXg0Mr at /api/thread4/servlet8/* (authenticated)
Jan 31, 2026 8:53:55 PM org.fourz.rvnkcore.util.log.LogManager info
INFO: [ServletRegistrationServiceImpl] Registered external servlet: HttpServlet$MockitoMock$kSgXg0Mr at /api/thread1/servlet7/* (authenticated)
Jan 31, 2026 8:53:55 PM org.fourz.rvnkcore.util.log.LogManager info
INFO: [ServletRegistrationServiceImpl] Registered external servlet: HttpServlet$MockitoMock$kSgXg0Mr at /api/thread4/servlet9/* (authenticated)
Jan 31, 2026 8:53:55 PM org.fourz.rvnkcore.util.log.LogManager info
INFO: [ServletRegistrationServiceImpl] Registered external servlet: HttpServlet$MockitoMock$kSgXg0Mr at /api/thread1/servlet8/* (authenticated)
Jan 31, 2026 8:53:55 PM org.fourz.rvnkcore.util.log.LogManager info
INFO: [ServletRegistrationServiceImpl] Registered external servlet: HttpServlet$MockitoMock$kSgXg0Mr at /api/thread9/servlet7/* (authenticated)
Jan 31, 2026 8:53:55 PM org.fourz.rvnkcore.util.log.LogManager info
INFO: [ServletRegistrationServiceImpl] Registered external servlet: HttpServlet$MockitoMock$kSgXg0Mr at /api/thread1/servlet9/* (authenticated)
Jan 31, 2026 8:53:55 PM org.fourz.rvnkcore.util.log.LogManager info
INFO: [ServletRegistrationServiceImpl] Registered external servlet: HttpServlet$MockitoMock$kSgXg0Mr at /api/thread6/servlet6/* (authenticated)
Jan 31, 2026 8:53:55 PM org.fourz.rvnkcore.util.log.LogManager info
INFO: [ServletRegistrationServiceImpl] Registered external servlet: HttpServlet$MockitoMock$kSgXg0Mr at /api/thread0/servlet7/* (authenticated)
Jan 31, 2026 8:53:55 PM org.fourz.rvnkcore.util.log.LogManager info
INFO: [ServletRegistrationServiceImpl] Registered external servlet: HttpServlet$MockitoMock$kSgXg0Mr at /api/thread6/servlet7/* (authenticated)
Jan 31, 2026 8:53:55 PM org.fourz.rvnkcore.util.log.LogManager info
INFO: [ServletRegistrationServiceImpl] Registered external servlet: HttpServlet$MockitoMock$kSgXg0Mr at /api/thread3/servlet7/* (authenticated)
Jan 31, 2026 8:53:55 PM org.fourz.rvnkcore.util.log.LogManager info
INFO: [ServletRegistrationServiceImpl] Registered external servlet: HttpServlet$MockitoMock$kSgXg0Mr at /api/thread7/servlet9/* (authenticated)
Jan 31, 2026 8:53:55 PM org.fourz.rvnkcore.util.log.LogManager info
INFO: [ServletRegistrationServiceImpl] Registered external servlet: HttpServlet$MockitoMock$kSgXg0Mr at /api/thread2/servlet7/* (authenticated)
Jan 31, 2026 8:53:55 PM org.fourz.rvnkcore.util.log.LogManager info
INFO: [ServletRegistrationServiceImpl] Registered external servlet: HttpServlet$MockitoMock$kSgXg0Mr at /api/thread2/servlet8/* (authenticated)
Jan 31, 2026 8:53:55 PM org.fourz.rvnkcore.util.log.LogManager info
INFO: [ServletRegistrationServiceImpl] Registered external servlet: HttpServlet$MockitoMock$kSgXg0Mr at /api/thread8/servlet7/* (authenticated)
Jan 31, 2026 8:53:55 PM org.fourz.rvnkcore.util.log.LogManager info
INFO: [ServletRegistrationServiceImpl] Registered external servlet: HttpServlet$MockitoMock$kSgXg0Mr at /api/thread8/servlet8/* (authenticated)
Jan 31, 2026 8:53:55 PM org.fourz.rvnkcore.util.log.LogManager info
INFO: [ServletRegistrationServiceImpl] Registered external servlet: HttpServlet$MockitoMock$kSgXg0Mr at /api/thread0/servlet8/* (authenticated)
Jan 31, 2026 8:53:55 PM org.fourz.rvnkcore.util.log.LogManager info
INFO: [ServletRegistrationServiceImpl] Registered external servlet: HttpServlet$MockitoMock$kSgXg0Mr at /api/thread6/servlet8/* (authenticated)
Jan 31, 2026 8:53:55 PM org.fourz.rvnkcore.util.log.LogManager info
INFO: [ServletRegistrationServiceImpl] Registered external servlet: HttpServlet$MockitoMock$kSgXg0Mr at /api/thread3/servlet8/* (authenticated)
Jan 31, 2026 8:53:55 PM org.fourz.rvnkcore.util.log.LogManager info
INFO: [ServletRegistrationServiceImpl] Registered external servlet: HttpServlet$MockitoMock$kSgXg0Mr at /api/thread6/servlet9/* (authenticated)
Jan 31, 2026 8:53:55 PM org.fourz.rvnkcore.util.log.LogManager info
INFO: [ServletRegistrationServiceImpl] Registered external servlet: HttpServlet$MockitoMock$kSgXg0Mr at /api/thread2/servlet9/* (authenticated)
Jan 31, 2026 8:53:55 PM org.fourz.rvnkcore.util.log.LogManager info
INFO: [ServletRegistrationServiceImpl] Registered external servlet: HttpServlet$MockitoMock$kSgXg0Mr at /api/thread5/servlet7/* (authenticated)
Jan 31, 2026 8:53:55 PM org.fourz.rvnkcore.util.log.LogManager info
INFO: [ServletRegistrationServiceImpl] Registered external servlet: HttpServlet$MockitoMock$kSgXg0Mr at /api/thread9/servlet8/* (authenticated)
Jan 31, 2026 8:53:55 PM org.fourz.rvnkcore.util.log.LogManager info
INFO: [ServletRegistrationServiceImpl] Registered external servlet: HttpServlet$MockitoMock$kSgXg0Mr at /api/thread8/servlet9/* (authenticated)
Jan 31, 2026 8:53:55 PM org.fourz.rvnkcore.util.log.LogManager info
INFO: [ServletRegistrationServiceImpl] Registered external servlet: HttpServlet$MockitoMock$kSgXg0Mr at /api/thread9/servlet9/* (authenticated)
Jan 31, 2026 8:53:55 PM org.fourz.rvnkcore.util.log.LogManager info
INFO: [ServletRegistrationServiceImpl] Registered external servlet: HttpServlet$MockitoMock$kSgXg0Mr at /api/thread0/servlet9/* (authenticated)
Jan 31, 2026 8:53:55 PM org.fourz.rvnkcore.util.log.LogManager info
INFO: [ServletRegistrationServiceImpl] Registered external servlet: HttpServlet$MockitoMock$kSgXg0Mr at /api/thread5/servlet8/* (authenticated)
Jan 31, 2026 8:53:55 PM org.fourz.rvnkcore.util.log.LogManager info
INFO: [ServletRegistrationServiceImpl] Registered external servlet: HttpServlet$MockitoMock$kSgXg0Mr at /api/thread3/servlet9/* (authenticated)
Jan 31, 2026 8:53:55 PM org.fourz.rvnkcore.util.log.LogManager info
INFO: [ServletRegistrationServiceImpl] Registered external servlet: HttpServlet$MockitoMock$kSgXg0Mr at /api/thread5/servlet9/* (authenticated)
]]></system-err>
  </testcase>
  <testcase name="testConcurrentUnregistration" classname="org.fourz.rvnkcore.api.service.impl.ServletRegistrationServiceImplTest$ThreadSafety" time="0.088">
    <system-err><![CDATA[Jan 31, 2026 8:53:55 PM org.fourz.rvnkcore.util.log.LogManager info
INFO: [ServletRegistrationServiceImpl] Registered external servlet: HttpServlet$MockitoMock$kSgXg0Mr at /api/unregister0/* (authenticated)
Jan 31, 2026 8:53:55 PM org.fourz.rvnkcore.util.log.LogManager info
INFO: [ServletRegistrationServiceImpl] Registered external servlet: HttpServlet$MockitoMock$kSgXg0Mr at /api/unregister1/* (authenticated)
Jan 31, 2026 8:53:55 PM org.fourz.rvnkcore.util.log.LogManager info
INFO: [ServletRegistrationServiceImpl] Registered external servlet: HttpServlet$MockitoMock$kSgXg0Mr at /api/unregister2/* (authenticated)
Jan 31, 2026 8:53:55 PM org.fourz.rvnkcore.util.log.LogManager info
INFO: [ServletRegistrationServiceImpl] Registered external servlet: HttpServlet$MockitoMock$kSgXg0Mr at /api/unregister3/* (authenticated)
Jan 31, 2026 8:53:55 PM org.fourz.rvnkcore.util.log.LogManager info
INFO: [ServletRegistrationServiceImpl] Registered external servlet: HttpServlet$MockitoMock$kSgXg0Mr at /api/unregister4/* (authenticated)
Jan 31, 2026 8:53:55 PM org.fourz.rvnkcore.util.log.LogManager info
INFO: [ServletRegistrationServiceImpl] Registered external servlet: HttpServlet$MockitoMock$kSgXg0Mr at /api/unregister5/* (authenticated)
Jan 31, 2026 8:53:55 PM org.fourz.rvnkcore.util.log.LogManager info
INFO: [ServletRegistrationServiceImpl] Registered external servlet: HttpServlet$MockitoMock$kSgXg0Mr at /api/unregister6/* (authenticated)
Jan 31, 2026 8:53:55 PM org.fourz.rvnkcore.util.log.LogManager info
INFO: [ServletRegistrationServiceImpl] Registered external servlet: HttpServlet$MockitoMock$kSgXg0Mr at /api/unregister7/* (authenticated)
Jan 31, 2026 8:53:55 PM org.fourz.rvnkcore.util.log.LogManager info
INFO: [ServletRegistrationServiceImpl] Registered external servlet: HttpServlet$MockitoMock$kSgXg0Mr at /api/unregister8/* (authenticated)
Jan 31, 2026 8:53:55 PM org.fourz.rvnkcore.util.log.LogManager info
INFO: [ServletRegistrationServiceImpl] Registered external servlet: HttpServlet$MockitoMock$kSgXg0Mr at /api/unregister9/* (authenticated)
Jan 31, 2026 8:53:55 PM org.fourz.rvnkcore.util.log.LogManager info
INFO: [ServletRegistrationServiceImpl] Registered external servlet: HttpServlet$MockitoMock$kSgXg0Mr at /api/unregister10/* (authenticated)
Jan 31, 2026 8:53:55 PM org.fourz.rvnkcore.util.log.LogManager info
INFO: [ServletRegistrationServiceImpl] Registered external servlet: HttpServlet$MockitoMock$kSgXg0Mr at /api/unregister11/* (authenticated)
Jan 31, 2026 8:53:55 PM org.fourz.rvnkcore.util.log.LogManager info
INFO: [ServletRegistrationServiceImpl] Registered external servlet: HttpServlet$MockitoMock$kSgXg0Mr at /api/unregister12/* (authenticated)
Jan 31, 2026 8:53:55 PM org.fourz.rvnkcore.util.log.LogManager info
INFO: [ServletRegistrationServiceImpl] Registered external servlet: HttpServlet$MockitoMock$kSgXg0Mr at /api/unregister13/* (authenticated)
Jan 31, 2026 8:53:55 PM org.fourz.rvnkcore.util.log.LogManager info
INFO: [ServletRegistrationServiceImpl] Registered external servlet: HttpServlet$MockitoMock$kSgXg0Mr at /api/unregister14/* (authenticated)
Jan 31, 2026 8:53:55 PM org.fourz.rvnkcore.util.log.LogManager info
INFO: [ServletRegistrationServiceImpl] Registered external servlet: HttpServlet$MockitoMock$kSgXg0Mr at /api/unregister15/* (authenticated)
Jan 31, 2026 8:53:55 PM org.fourz.rvnkcore.util.log.LogManager info
INFO: [ServletRegistrationServiceImpl] Registered external servlet: HttpServlet$MockitoMock$kSgXg0Mr at /api/unregister16/* (authenticated)
Jan 31, 2026 8:53:55 PM org.fourz.rvnkcore.util.log.LogManager info
INFO: [ServletRegistrationServiceImpl] Registered external servlet: HttpServlet$MockitoMock$kSgXg0Mr at /api/unregister17/* (authenticated)
Jan 31, 2026 8:53:55 PM org.fourz.rvnkcore.util.log.LogManager info
INFO: [ServletRegistrationServiceImpl] Registered external servlet: HttpServlet$MockitoMock$kSgXg0Mr at /api/unregister18/* (authenticated)
Jan 31, 2026 8:53:55 PM org.fourz.rvnkcore.util.log.LogManager info
INFO: [ServletRegistrationServiceImpl] Registered external servlet: HttpServlet$MockitoMock$kSgXg0Mr at /api/unregister19/* (authenticated)
Jan 31, 2026 8:53:55 PM org.fourz.rvnkcore.util.log.LogManager info
INFO: [ServletRegistrationServiceImpl] Registered external servlet: HttpServlet$MockitoMock$kSgXg0Mr at /api/unregister20/* (authenticated)
Jan 31, 2026 8:53:55 PM org.fourz.rvnkcore.util.log.LogManager info
INFO: [ServletRegistrationServiceImpl] Registered external servlet: HttpServlet$MockitoMock$kSgXg0Mr at /api/unregister21/* (authenticated)
Jan 31, 2026 8:53:55 PM org.fourz.rvnkcore.util.log.LogManager info
INFO: [ServletRegistrationServiceImpl] Registered external servlet: HttpServlet$MockitoMock$kSgXg0Mr at /api/unregister22/* (authenticated)
Jan 31, 2026 8:53:55 PM org.fourz.rvnkcore.util.log.LogManager info
INFO: [ServletRegistrationServiceImpl] Registered external servlet: HttpServlet$MockitoMock$kSgXg0Mr at /api/unregister23/* (authenticated)
Jan 31, 2026 8:53:55 PM org.fourz.rvnkcore.util.log.LogManager info
INFO: [ServletRegistrationServiceImpl] Registered external servlet: HttpServlet$MockitoMock$kSgXg0Mr at /api/unregister24/* (authenticated)
Jan 31, 2026 8:53:55 PM org.fourz.rvnkcore.util.log.LogManager info
INFO: [ServletRegistrationServiceImpl] Registered external servlet: HttpServlet$MockitoMock$kSgXg0Mr at /api/unregister25/* (authenticated)
Jan 31, 2026 8:53:55 PM org.fourz.rvnkcore.util.log.LogManager info
INFO: [ServletRegistrationServiceImpl] Registered external servlet: HttpServlet$MockitoMock$kSgXg0Mr at /api/unregister26/* (authenticated)
Jan 31, 2026 8:53:55 PM org.fourz.rvnkcore.util.log.LogManager info
INFO: [ServletRegistrationServiceImpl] Registered external servlet: HttpServlet$MockitoMock$kSgXg0Mr at /api/unregister27/* (authenticated)
Jan 31, 2026 8:53:55 PM org.fourz.rvnkcore.util.log.LogManager info
INFO: [ServletRegistrationServiceImpl] Registered external servlet: HttpServlet$MockitoMock$kSgXg0Mr at /api/unregister28/* (authenticated)
Jan 31, 2026 8:53:55 PM org.fourz.rvnkcore.util.log.LogManager info
INFO: [ServletRegistrationServiceImpl] Registered external servlet: HttpServlet$MockitoMock$kSgXg0Mr at /api/unregister29/* (authenticated)
Jan 31, 2026 8:53:55 PM org.fourz.rvnkcore.util.log.LogManager info
INFO: [ServletRegistrationServiceImpl] Registered external servlet: HttpServlet$MockitoMock$kSgXg0Mr at /api/unregister30/* (authenticated)
Jan 31, 2026 8:53:55 PM org.fourz.rvnkcore.util.log.LogManager info
INFO: [ServletRegistrationServiceImpl] Registered external servlet: HttpServlet$MockitoMock$kSgXg0Mr at /api/unregister31/* (authenticated)
Jan 31, 2026 8:53:55 PM org.fourz.rvnkcore.util.log.LogManager info
INFO: [ServletRegistrationServiceImpl] Registered external servlet: HttpServlet$MockitoMock$kSgXg0Mr at /api/unregister32/* (authenticated)
Jan 31, 2026 8:53:55 PM org.fourz.rvnkcore.util.log.LogManager info
INFO: [ServletRegistrationServiceImpl] Registered external servlet: HttpServlet$MockitoMock$kSgXg0Mr at /api/unregister33/* (authenticated)
Jan 31, 2026 8:53:55 PM org.fourz.rvnkcore.util.log.LogManager info
INFO: [ServletRegistrationServiceImpl] Registered external servlet: HttpServlet$MockitoMock$kSgXg0Mr at /api/unregister34/* (authenticated)
Jan 31, 2026 8:53:55 PM org.fourz.rvnkcore.util.log.LogManager info
INFO: [ServletRegistrationServiceImpl] Registered external servlet: HttpServlet$MockitoMock$kSgXg0Mr at /api/unregister35/* (authenticated)
Jan 31, 2026 8:53:55 PM org.fourz.rvnkcore.util.log.LogManager info
INFO: [ServletRegistrationServiceImpl] Registered external servlet: HttpServlet$MockitoMock$kSgXg0Mr at /api/unregister36/* (authenticated)
Jan 31, 2026 8:53:55 PM org.fourz.rvnkcore.util.log.LogManager info
INFO: [ServletRegistrationServiceImpl] Registered external servlet: HttpServlet$MockitoMock$kSgXg0Mr at /api/unregister37/* (authenticated)
Jan 31, 2026 8:53:55 PM org.fourz.rvnkcore.util.log.LogManager info
INFO: [ServletRegistrationServiceImpl] Registered external servlet: HttpServlet$MockitoMock$kSgXg0Mr at /api/unregister38/* (authenticated)
Jan 31, 2026 8:53:55 PM org.fourz.rvnkcore.util.log.LogManager info
INFO: [ServletRegistrationServiceImpl] Registered external servlet: HttpServlet$MockitoMock$kSgXg0Mr at /api/unregister39/* (authenticated)
Jan 31, 2026 8:53:55 PM org.fourz.rvnkcore.util.log.LogManager info
INFO: [ServletRegistrationServiceImpl] Registered external servlet: HttpServlet$MockitoMock$kSgXg0Mr at /api/unregister40/* (authenticated)
Jan 31, 2026 8:53:55 PM org.fourz.rvnkcore.util.log.LogManager info
INFO: [ServletRegistrationServiceImpl] Registered external servlet: HttpServlet$MockitoMock$kSgXg0Mr at /api/unregister41/* (authenticated)
Jan 31, 2026 8:53:55 PM org.fourz.rvnkcore.util.log.LogManager info
INFO: [ServletRegistrationServiceImpl] Registered external servlet: HttpServlet$MockitoMock$kSgXg0Mr at /api/unregister42/* (authenticated)
Jan 31, 2026 8:53:55 PM org.fourz.rvnkcore.util.log.LogManager info
INFO: [ServletRegistrationServiceImpl] Registered external servlet: HttpServlet$MockitoMock$kSgXg0Mr at /api/unregister43/* (authenticated)
Jan 31, 2026 8:53:55 PM org.fourz.rvnkcore.util.log.LogManager info
INFO: [ServletRegistrationServiceImpl] Registered external servlet: HttpServlet$MockitoMock$kSgXg0Mr at /api/unregister44/* (authenticated)
Jan 31, 2026 8:53:55 PM org.fourz.rvnkcore.util.log.LogManager info
INFO: [ServletRegistrationServiceImpl] Registered external servlet: HttpServlet$MockitoMock$kSgXg0Mr at /api/unregister45/* (authenticated)
Jan 31, 2026 8:53:55 PM org.fourz.rvnkcore.util.log.LogManager info
INFO: [ServletRegistrationServiceImpl] Registered external servlet: HttpServlet$MockitoMock$kSgXg0Mr at /api/unregister46/* (authenticated)
Jan 31, 2026 8:53:55 PM org.fourz.rvnkcore.util.log.LogManager info
INFO: [ServletRegistrationServiceImpl] Registered external servlet: HttpServlet$MockitoMock$kSgXg0Mr at /api/unregister47/* (authenticated)
Jan 31, 2026 8:53:55 PM org.fourz.rvnkcore.util.log.LogManager info
INFO: [ServletRegistrationServiceImpl] Registered external servlet: HttpServlet$MockitoMock$kSgXg0Mr at /api/unregister48/* (authenticated)
Jan 31, 2026 8:53:55 PM org.fourz.rvnkcore.util.log.LogManager info
INFO: [ServletRegistrationServiceImpl] Registered external servlet: HttpServlet$MockitoMock$kSgXg0Mr at /api/unregister49/* (authenticated)
Jan 31, 2026 8:53:55 PM org.fourz.rvnkcore.util.log.LogManager info
INFO: [ServletRegistrationServiceImpl] Registered external servlet: HttpServlet$MockitoMock$kSgXg0Mr at /api/unregister50/* (authenticated)
Jan 31, 2026 8:53:55 PM org.fourz.rvnkcore.util.log.LogManager info
INFO: [ServletRegistrationServiceImpl] Registered external servlet: HttpServlet$MockitoMock$kSgXg0Mr at /api/unregister51/* (authenticated)
Jan 31, 2026 8:53:55 PM org.fourz.rvnkcore.util.log.LogManager info
INFO: [ServletRegistrationServiceImpl] Registered external servlet: HttpServlet$MockitoMock$kSgXg0Mr at /api/unregister52/* (authenticated)
Jan 31, 2026 8:53:55 PM org.fourz.rvnkcore.util.log.LogManager info
INFO: [ServletRegistrationServiceImpl] Registered external servlet: HttpServlet$MockitoMock$kSgXg0Mr at /api/unregister53/* (authenticated)
Jan 31, 2026 8:53:55 PM org.fourz.rvnkcore.util.log.LogManager info
INFO: [ServletRegistrationServiceImpl] Registered external servlet: HttpServlet$MockitoMock$kSgXg0Mr at /api/unregister54/* (authenticated)
Jan 31, 2026 8:53:55 PM org.fourz.rvnkcore.util.log.LogManager info
INFO: [ServletRegistrationServiceImpl] Registered external servlet: HttpServlet$MockitoMock$kSgXg0Mr at /api/unregister55/* (authenticated)
Jan 31, 2026 8:53:55 PM org.fourz.rvnkcore.util.log.LogManager info
INFO: [ServletRegistrationServiceImpl] Registered external servlet: HttpServlet$MockitoMock$kSgXg0Mr at /api/unregister56/* (authenticated)
Jan 31, 2026 8:53:55 PM org.fourz.rvnkcore.util.log.LogManager info
INFO: [ServletRegistrationServiceImpl] Registered external servlet: HttpServlet$MockitoMock$kSgXg0Mr at /api/unregister57/* (authenticated)
Jan 31, 2026 8:53:55 PM org.fourz.rvnkcore.util.log.LogManager info
INFO: [ServletRegistrationServiceImpl] Registered external servlet: HttpServlet$MockitoMock$kSgXg0Mr at /api/unregister58/* (authenticated)
Jan 31, 2026 8:53:55 PM org.fourz.rvnkcore.util.log.LogManager info
INFO: [ServletRegistrationServiceImpl] Registered external servlet: HttpServlet$MockitoMock$kSgXg0Mr at /api/unregister59/* (authenticated)
Jan 31, 2026 8:53:55 PM org.fourz.rvnkcore.util.log.LogManager info
INFO: [ServletRegistrationServiceImpl] Registered external servlet: HttpServlet$MockitoMock$kSgXg0Mr at /api/unregister60/* (authenticated)
Jan 31, 2026 8:53:55 PM org.fourz.rvnkcore.util.log.LogManager info
INFO: [ServletRegistrationServiceImpl] Registered external servlet: HttpServlet$MockitoMock$kSgXg0Mr at /api/unregister61/* (authenticated)
Jan 31, 2026 8:53:55 PM org.fourz.rvnkcore.util.log.LogManager info
INFO: [ServletRegistrationServiceImpl] Registered external servlet: HttpServlet$MockitoMock$kSgXg0Mr at /api/unregister62/* (authenticated)
Jan 31, 2026 8:53:55 PM org.fourz.rvnkcore.util.log.LogManager info
INFO: [ServletRegistrationServiceImpl] Registered external servlet: HttpServlet$MockitoMock$kSgXg0Mr at /api/unregister63/* (authenticated)
Jan 31, 2026 8:53:55 PM org.fourz.rvnkcore.util.log.LogManager info
INFO: [ServletRegistrationServiceImpl] Registered external servlet: HttpServlet$MockitoMock$kSgXg0Mr at /api/unregister64/* (authenticated)
Jan 31, 2026 8:53:55 PM org.fourz.rvnkcore.util.log.LogManager info
INFO: [ServletRegistrationServiceImpl] Registered external servlet: HttpServlet$MockitoMock$kSgXg0Mr at /api/unregister65/* (authenticated)
Jan 31, 2026 8:53:55 PM org.fourz.rvnkcore.util.log.LogManager info
INFO: [ServletRegistrationServiceImpl] Registered external servlet: HttpServlet$MockitoMock$kSgXg0Mr at /api/unregister66/* (authenticated)
Jan 31, 2026 8:53:55 PM org.fourz.rvnkcore.util.log.LogManager info
INFO: [ServletRegistrationServiceImpl] Registered external servlet: HttpServlet$MockitoMock$kSgXg0Mr at /api/unregister67/* (authenticated)
Jan 31, 2026 8:53:55 PM org.fourz.rvnkcore.util.log.LogManager info
INFO: [ServletRegistrationServiceImpl] Registered external servlet: HttpServlet$MockitoMock$kSgXg0Mr at /api/unregister68/* (authenticated)
Jan 31, 2026 8:53:55 PM org.fourz.rvnkcore.util.log.LogManager info
INFO: [ServletRegistrationServiceImpl] Registered external servlet: HttpServlet$MockitoMock$kSgXg0Mr at /api/unregister69/* (authenticated)
Jan 31, 2026 8:53:55 PM org.fourz.rvnkcore.util.log.LogManager info
INFO: [ServletRegistrationServiceImpl] Registered external servlet: HttpServlet$MockitoMock$kSgXg0Mr at /api/unregister70/* (authenticated)
Jan 31, 2026 8:53:55 PM org.fourz.rvnkcore.util.log.LogManager info
INFO: [ServletRegistrationServiceImpl] Registered external servlet: HttpServlet$MockitoMock$kSgXg0Mr at /api/unregister71/* (authenticated)
Jan 31, 2026 8:53:55 PM org.fourz.rvnkcore.util.log.LogManager info
INFO: [ServletRegistrationServiceImpl] Registered external servlet: HttpServlet$MockitoMock$kSgXg0Mr at /api/unregister72/* (authenticated)
Jan 31, 2026 8:53:55 PM org.fourz.rvnkcore.util.log.LogManager info
INFO: [ServletRegistrationServiceImpl] Registered external servlet: HttpServlet$MockitoMock$kSgXg0Mr at /api/unregister73/* (authenticated)
Jan 31, 2026 8:53:55 PM org.fourz.rvnkcore.util.log.LogManager info
INFO: [ServletRegistrationServiceImpl] Registered external servlet: HttpServlet$MockitoMock$kSgXg0Mr at /api/unregister74/* (authenticated)
Jan 31, 2026 8:53:55 PM org.fourz.rvnkcore.util.log.LogManager info
INFO: [ServletRegistrationServiceImpl] Registered external servlet: HttpServlet$MockitoMock$kSgXg0Mr at /api/unregister75/* (authenticated)
Jan 31, 2026 8:53:55 PM org.fourz.rvnkcore.util.log.LogManager info
INFO: [ServletRegistrationServiceImpl] Registered external servlet: HttpServlet$MockitoMock$kSgXg0Mr at /api/unregister76/* (authenticated)
Jan 31, 2026 8:53:55 PM org.fourz.rvnkcore.util.log.LogManager info
INFO: [ServletRegistrationServiceImpl] Registered external servlet: HttpServlet$MockitoMock$kSgXg0Mr at /api/unregister77/* (authenticated)
Jan 31, 2026 8:53:55 PM org.fourz.rvnkcore.util.log.LogManager info
INFO: [ServletRegistrationServiceImpl] Registered external servlet: HttpServlet$MockitoMock$kSgXg0Mr at /api/unregister78/* (authenticated)
Jan 31, 2026 8:53:55 PM org.fourz.rvnkcore.util.log.LogManager info
INFO: [ServletRegistrationServiceImpl] Registered external servlet: HttpServlet$MockitoMock$kSgXg0Mr at /api/unregister79/* (authenticated)
Jan 31, 2026 8:53:55 PM org.fourz.rvnkcore.util.log.LogManager info
INFO: [ServletRegistrationServiceImpl] Registered external servlet: HttpServlet$MockitoMock$kSgXg0Mr at /api/unregister80/* (authenticated)
Jan 31, 2026 8:53:55 PM org.fourz.rvnkcore.util.log.LogManager info
INFO: [ServletRegistrationServiceImpl] Registered external servlet: HttpServlet$MockitoMock$kSgXg0Mr at /api/unregister81/* (authenticated)
Jan 31, 2026 8:53:55 PM org.fourz.rvnkcore.util.log.LogManager info
INFO: [ServletRegistrationServiceImpl] Registered external servlet: HttpServlet$MockitoMock$kSgXg0Mr at /api/unregister82/* (authenticated)
Jan 31, 2026 8:53:55 PM org.fourz.rvnkcore.util.log.LogManager info
INFO: [ServletRegistrationServiceImpl] Registered external servlet: HttpServlet$MockitoMock$kSgXg0Mr at /api/unregister83/* (authenticated)
Jan 31, 2026 8:53:55 PM org.fourz.rvnkcore.util.log.LogManager info
INFO: [ServletRegistrationServiceImpl] Registered external servlet: HttpServlet$MockitoMock$kSgXg0Mr at /api/unregister84/* (authenticated)
Jan 31, 2026 8:53:55 PM org.fourz.rvnkcore.util.log.LogManager info
INFO: [ServletRegistrationServiceImpl] Registered external servlet: HttpServlet$MockitoMock$kSgXg0Mr at /api/unregister85/* (authenticated)
Jan 31, 2026 8:53:55 PM org.fourz.rvnkcore.util.log.LogManager info
INFO: [ServletRegistrationServiceImpl] Registered external servlet: HttpServlet$MockitoMock$kSgXg0Mr at /api/unregister86/* (authenticated)
Jan 31, 2026 8:53:55 PM org.fourz.rvnkcore.util.log.LogManager info
INFO: [ServletRegistrationServiceImpl] Registered external servlet: HttpServlet$MockitoMock$kSgXg0Mr at /api/unregister87/* (authenticated)
Jan 31, 2026 8:53:55 PM org.fourz.rvnkcore.util.log.LogManager info
INFO: [ServletRegistrationServiceImpl] Registered external servlet: HttpServlet$MockitoMock$kSgXg0Mr at /api/unregister88/* (authenticated)
Jan 31, 2026 8:53:55 PM org.fourz.rvnkcore.util.log.LogManager info
INFO: [ServletRegistrationServiceImpl] Registered external servlet: HttpServlet$MockitoMock$kSgXg0Mr at /api/unregister89/* (authenticated)
Jan 31, 2026 8:53:55 PM org.fourz.rvnkcore.util.log.LogManager info
INFO: [ServletRegistrationServiceImpl] Registered external servlet: HttpServlet$MockitoMock$kSgXg0Mr at /api/unregister90/* (authenticated)
Jan 31, 2026 8:53:55 PM org.fourz.rvnkcore.util.log.LogManager info
INFO: [ServletRegistrationServiceImpl] Registered external servlet: HttpServlet$MockitoMock$kSgXg0Mr at /api/unregister91/* (authenticated)
Jan 31, 2026 8:53:55 PM org.fourz.rvnkcore.util.log.LogManager info
INFO: [ServletRegistrationServiceImpl] Registered external servlet: HttpServlet$MockitoMock$kSgXg0Mr at /api/unregister92/* (authenticated)
Jan 31, 2026 8:53:55 PM org.fourz.rvnkcore.util.log.LogManager info
INFO: [ServletRegistrationServiceImpl] Registered external servlet: HttpServlet$MockitoMock$kSgXg0Mr at /api/unregister93/* (authenticated)
Jan 31, 2026 8:53:55 PM org.fourz.rvnkcore.util.log.LogManager info
INFO: [ServletRegistrationServiceImpl] Registered external servlet: HttpServlet$MockitoMock$kSgXg0Mr at /api/unregister94/* (authenticated)
Jan 31, 2026 8:53:55 PM org.fourz.rvnkcore.util.log.LogManager info
INFO: [ServletRegistrationServiceImpl] Registered external servlet: HttpServlet$MockitoMock$kSgXg0Mr at /api/unregister95/* (authenticated)
Jan 31, 2026 8:53:55 PM org.fourz.rvnkcore.util.log.LogManager info
INFO: [ServletRegistrationServiceImpl] Registered external servlet: HttpServlet$MockitoMock$kSgXg0Mr at /api/unregister96/* (authenticated)
Jan 31, 2026 8:53:55 PM org.fourz.rvnkcore.util.log.LogManager info
INFO: [ServletRegistrationServiceImpl] Registered external servlet: HttpServlet$MockitoMock$kSgXg0Mr at /api/unregister97/* (authenticated)
Jan 31, 2026 8:53:55 PM org.fourz.rvnkcore.util.log.LogManager info
INFO: [ServletRegistrationServiceImpl] Registered external servlet: HttpServlet$MockitoMock$kSgXg0Mr at /api/unregister98/* (authenticated)
Jan 31, 2026 8:53:55 PM org.fourz.rvnkcore.util.log.LogManager info
INFO: [ServletRegistrationServiceImpl] Registered external servlet: HttpServlet$MockitoMock$kSgXg0Mr at /api/unregister99/* (authenticated)
Jan 31, 2026 8:53:55 PM org.fourz.rvnkcore.util.log.LogManager info
INFO: [ServletRegistrationServiceImpl] Unregistered external servlet at: /api/unregister3/*
Jan 31, 2026 8:53:55 PM org.fourz.rvnkcore.util.log.LogManager info
INFO: [ServletRegistrationServiceImpl] Unregistered external servlet at: /api/unregister4/*
Jan 31, 2026 8:53:55 PM org.fourz.rvnkcore.util.log.LogManager info
INFO: [ServletRegistrationServiceImpl] Unregistered external servlet at: /api/unregister2/*
Jan 31, 2026 8:53:55 PM org.fourz.rvnkcore.util.log.LogManager info
INFO: [ServletRegistrationServiceImpl] Unregistered external servlet at: /api/unregister0/*
Jan 31, 2026 8:53:55 PM org.fourz.rvnkcore.util.log.LogManager info
INFO: [ServletRegistrationServiceImpl] Unregistered external servlet at: /api/unregister1/*
Jan 31, 2026 8:53:55 PM org.fourz.rvnkcore.util.log.LogManager info
INFO: [ServletRegistrationServiceImpl] Unregistered external servlet at: /api/unregister8/*
Jan 31, 2026 8:53:55 PM org.fourz.rvnkcore.util.log.LogManager info
INFO: [ServletRegistrationServiceImpl] Unregistered external servlet at: /api/unregister9/*
Jan 31, 2026 8:53:55 PM org.fourz.rvnkcore.util.log.LogManager info
INFO: [ServletRegistrationServiceImpl] Unregistered external servlet at: /api/unregister14/*
Jan 31, 2026 8:53:55 PM org.fourz.rvnkcore.util.log.LogManager info
INFO: [ServletRegistrationServiceImpl] Unregistered external servlet at: /api/unregister7/*
Jan 31, 2026 8:53:55 PM org.fourz.rvnkcore.util.log.LogManager info
INFO: [ServletRegistrationServiceImpl] Unregistered external servlet at: /api/unregister5/*
Jan 31, 2026 8:53:55 PM org.fourz.rvnkcore.util.log.LogManager info
INFO: [ServletRegistrationServiceImpl] Unregistered external servlet at: /api/unregister6/*
Jan 31, 2026 8:53:55 PM org.fourz.rvnkcore.util.log.LogManager info
INFO: [ServletRegistrationServiceImpl] Unregistered external servlet at: /api/unregister13/*
Jan 31, 2026 8:53:55 PM org.fourz.rvnkcore.util.log.LogManager info
INFO: [ServletRegistrationServiceImpl] Unregistered external servlet at: /api/unregister19/*
Jan 31, 2026 8:53:55 PM org.fourz.rvnkcore.util.log.LogManager info
INFO: [ServletRegistrationServiceImpl] Unregistered external servlet at: /api/unregister12/*
Jan 31, 2026 8:53:55 PM org.fourz.rvnkcore.util.log.LogManager info
INFO: [ServletRegistrationServiceImpl] Unregistered external servlet at: /api/unregister17/*
Jan 31, 2026 8:53:55 PM org.fourz.rvnkcore.util.log.LogManager info
INFO: [ServletRegistrationServiceImpl] Unregistered external servlet at: /api/unregister10/*
Jan 31, 2026 8:53:55 PM org.fourz.rvnkcore.util.log.LogManager info
INFO: [ServletRegistrationServiceImpl] Unregistered external servlet at: /api/unregister15/*
Jan 31, 2026 8:53:55 PM org.fourz.rvnkcore.util.log.LogManager info
INFO: [ServletRegistrationServiceImpl] Unregistered external servlet at: /api/unregister11/*
Jan 31, 2026 8:53:55 PM org.fourz.rvnkcore.util.log.LogManager info
INFO: [ServletRegistrationServiceImpl] Unregistered external servlet at: /api/unregister18/*
Jan 31, 2026 8:53:55 PM org.fourz.rvnkcore.util.log.LogManager info
INFO: [ServletRegistrationServiceImpl] Unregistered external servlet at: /api/unregister24/*
Jan 31, 2026 8:53:55 PM org.fourz.rvnkcore.util.log.LogManager info
INFO: [ServletRegistrationServiceImpl] Unregistered external servlet at: /api/unregister22/*
Jan 31, 2026 8:53:55 PM org.fourz.rvnkcore.util.log.LogManager info
INFO: [ServletRegistrationServiceImpl] Unregistered external servlet at: /api/unregister20/*
Jan 31, 2026 8:53:55 PM org.fourz.rvnkcore.util.log.LogManager info
INFO: [ServletRegistrationServiceImpl] Unregistered external servlet at: /api/unregister25/*
Jan 31, 2026 8:53:55 PM org.fourz.rvnkcore.util.log.LogManager info
INFO: [ServletRegistrationServiceImpl] Unregistered external servlet at: /api/unregister16/*
Jan 31, 2026 8:53:55 PM org.fourz.rvnkcore.util.log.LogManager info
INFO: [ServletRegistrationServiceImpl] Unregistered external servlet at: /api/unregister23/*
Jan 31, 2026 8:53:55 PM org.fourz.rvnkcore.util.log.LogManager info
INFO: [ServletRegistrationServiceImpl] Unregistered external servlet at: /api/unregister29/*
Jan 31, 2026 8:53:55 PM org.fourz.rvnkcore.util.log.LogManager info
INFO: [ServletRegistrationServiceImpl] Unregistered external servlet at: /api/unregister27/*
Jan 31, 2026 8:53:55 PM org.fourz.rvnkcore.util.log.LogManager info
INFO: [ServletRegistrationServiceImpl] Unregistered external servlet at: /api/unregister32/*
Jan 31, 2026 8:53:55 PM org.fourz.rvnkcore.util.log.LogManager info
INFO: [ServletRegistrationServiceImpl] Unregistered external servlet at: /api/unregister30/*
Jan 31, 2026 8:53:55 PM org.fourz.rvnkcore.util.log.LogManager info
INFO: [ServletRegistrationServiceImpl] Unregistered external servlet at: /api/unregister35/*
Jan 31, 2026 8:53:55 PM org.fourz.rvnkcore.util.log.LogManager info
INFO: [ServletRegistrationServiceImpl] Unregistered external servlet at: /api/unregister40/*
Jan 31, 2026 8:53:55 PM org.fourz.rvnkcore.util.log.LogManager info
INFO: [ServletRegistrationServiceImpl] Unregistered external servlet at: /api/unregister45/*
Jan 31, 2026 8:53:55 PM org.fourz.rvnkcore.util.log.LogManager info
INFO: [ServletRegistrationServiceImpl] Unregistered external servlet at: /api/unregister21/*
Jan 31, 2026 8:53:55 PM org.fourz.rvnkcore.util.log.LogManager info
INFO: [ServletRegistrationServiceImpl] Unregistered external servlet at: /api/unregister28/*
Jan 31, 2026 8:53:55 PM org.fourz.rvnkcore.util.log.LogManager info
INFO: [ServletRegistrationServiceImpl] Unregistered external servlet at: /api/unregister33/*
Jan 31, 2026 8:53:55 PM org.fourz.rvnkcore.util.log.LogManager info
INFO: [ServletRegistrationServiceImpl] Unregistered external servlet at: /api/unregister38/*
Jan 31, 2026 8:53:55 PM org.fourz.rvnkcore.util.log.LogManager info
INFO: [ServletRegistrationServiceImpl] Unregistered external servlet at: /api/unregister43/*
Jan 31, 2026 8:53:55 PM org.fourz.rvnkcore.util.log.LogManager info
INFO: [ServletRegistrationServiceImpl] Unregistered external servlet at: /api/unregister34/*
Jan 31, 2026 8:53:55 PM org.fourz.rvnkcore.util.log.LogManager info
INFO: [ServletRegistrationServiceImpl] Unregistered external servlet at: /api/unregister39/*
Jan 31, 2026 8:53:55 PM org.fourz.rvnkcore.util.log.LogManager info
INFO: [ServletRegistrationServiceImpl] Unregistered external servlet at: /api/unregister37/*
Jan 31, 2026 8:53:55 PM org.fourz.rvnkcore.util.log.LogManager info
INFO: [ServletRegistrationServiceImpl] Unregistered external servlet at: /api/unregister50/*
Jan 31, 2026 8:53:55 PM org.fourz.rvnkcore.util.log.LogManager info
INFO: [ServletRegistrationServiceImpl] Unregistered external servlet at: /api/unregister26/*
Jan 31, 2026 8:53:55 PM org.fourz.rvnkcore.util.log.LogManager info
INFO: [ServletRegistrationServiceImpl] Unregistered external servlet at: /api/unregister48/*
Jan 31, 2026 8:53:55 PM org.fourz.rvnkcore.util.log.LogManager info
INFO: [ServletRegistrationServiceImpl] Unregistered external servlet at: /api/unregister44/*
Jan 31, 2026 8:53:55 PM org.fourz.rvnkcore.util.log.LogManager info
INFO: [ServletRegistrationServiceImpl] Unregistered external servlet at: /api/unregister42/*
Jan 31, 2026 8:53:55 PM org.fourz.rvnkcore.util.log.LogManager info
INFO: [ServletRegistrationServiceImpl] Unregistered external servlet at: /api/unregister55/*
Jan 31, 2026 8:53:55 PM org.fourz.rvnkcore.util.log.LogManager info
INFO: [ServletRegistrationServiceImpl] Unregistered external servlet at: /api/unregister31/*
Jan 31, 2026 8:53:55 PM org.fourz.rvnkcore.util.log.LogManager info
INFO: [ServletRegistrationServiceImpl] Unregistered external servlet at: /api/unregister53/*
Jan 31, 2026 8:53:55 PM org.fourz.rvnkcore.util.log.LogManager info
INFO: [ServletRegistrationServiceImpl] Unregistered external servlet at: /api/unregister49/*
Jan 31, 2026 8:53:55 PM org.fourz.rvnkcore.util.log.LogManager info
INFO: [ServletRegistrationServiceImpl] Unregistered external servlet at: /api/unregister47/*
Jan 31, 2026 8:53:55 PM org.fourz.rvnkcore.util.log.LogManager info
INFO: [ServletRegistrationServiceImpl] Unregistered external servlet at: /api/unregister60/*
Jan 31, 2026 8:53:55 PM org.fourz.rvnkcore.util.log.LogManager info
INFO: [ServletRegistrationServiceImpl] Unregistered external servlet at: /api/unregister36/*
Jan 31, 2026 8:53:55 PM org.fourz.rvnkcore.util.log.LogManager info
INFO: [ServletRegistrationServiceImpl] Unregistered external servlet at: /api/unregister58/*
Jan 31, 2026 8:53:55 PM org.fourz.rvnkcore.util.log.LogManager info
INFO: [ServletRegistrationServiceImpl] Unregistered external servlet at: /api/unregister54/*
Jan 31, 2026 8:53:55 PM org.fourz.rvnkcore.util.log.LogManager info
INFO: [ServletRegistrationServiceImpl] Unregistered external servlet at: /api/unregister52/*
Jan 31, 2026 8:53:55 PM org.fourz.rvnkcore.util.log.LogManager info
INFO: [ServletRegistrationServiceImpl] Unregistered external servlet at: /api/unregister65/*
Jan 31, 2026 8:53:55 PM org.fourz.rvnkcore.util.log.LogManager info
INFO: [ServletRegistrationServiceImpl] Unregistered external servlet at: /api/unregister41/*
Jan 31, 2026 8:53:55 PM org.fourz.rvnkcore.util.log.LogManager info
INFO: [ServletRegistrationServiceImpl] Unregistered external servlet at: /api/unregister63/*
Jan 31, 2026 8:53:55 PM org.fourz.rvnkcore.util.log.LogManager info
INFO: [ServletRegistrationServiceImpl] Unregistered external servlet at: /api/unregister59/*
Jan 31, 2026 8:53:55 PM org.fourz.rvnkcore.util.log.LogManager info
INFO: [ServletRegistrationServiceImpl] Unregistered external servlet at: /api/unregister64/*
Jan 31, 2026 8:53:55 PM org.fourz.rvnkcore.util.log.LogManager info
INFO: [ServletRegistrationServiceImpl] Unregistered external servlet at: /api/unregister69/*
Jan 31, 2026 8:53:55 PM org.fourz.rvnkcore.util.log.LogManager info
INFO: [ServletRegistrationServiceImpl] Unregistered external servlet at: /api/unregister74/*
Jan 31, 2026 8:53:55 PM org.fourz.rvnkcore.util.log.LogManager info
INFO: [ServletRegistrationServiceImpl] Unregistered external servlet at: /api/unregister57/*
Jan 31, 2026 8:53:55 PM org.fourz.rvnkcore.util.log.LogManager info
INFO: [ServletRegistrationServiceImpl] Unregistered external servlet at: /api/unregister70/*
Jan 31, 2026 8:53:55 PM org.fourz.rvnkcore.util.log.LogManager info
INFO: [ServletRegistrationServiceImpl] Unregistered external servlet at: /api/unregister46/*
Jan 31, 2026 8:53:55 PM org.fourz.rvnkcore.util.log.LogManager info
INFO: [ServletRegistrationServiceImpl] Unregistered external servlet at: /api/unregister68/*
Jan 31, 2026 8:53:55 PM org.fourz.rvnkcore.util.log.LogManager info
INFO: [ServletRegistrationServiceImpl] Unregistered external servlet at: /api/unregister73/*
Jan 31, 2026 8:53:55 PM org.fourz.rvnkcore.util.log.LogManager info
INFO: [ServletRegistrationServiceImpl] Unregistered external servlet at: /api/unregister79/*
Jan 31, 2026 8:53:55 PM org.fourz.rvnkcore.util.log.LogManager info
INFO: [ServletRegistrationServiceImpl] Unregistered external servlet at: /api/unregister62/*
Jan 31, 2026 8:53:55 PM org.fourz.rvnkcore.util.log.LogManager info
INFO: [ServletRegistrationServiceImpl] Unregistered external servlet at: /api/unregister67/*
Jan 31, 2026 8:53:55 PM org.fourz.rvnkcore.util.log.LogManager info
INFO: [ServletRegistrationServiceImpl] Unregistered external servlet at: /api/unregister75/*
Jan 31, 2026 8:53:55 PM org.fourz.rvnkcore.util.log.LogManager info
INFO: [ServletRegistrationServiceImpl] Unregistered external servlet at: /api/unregister51/*
Jan 31, 2026 8:53:55 PM org.fourz.rvnkcore.util.log.LogManager info
INFO: [ServletRegistrationServiceImpl] Unregistered external servlet at: /api/unregister56/*
Jan 31, 2026 8:53:55 PM org.fourz.rvnkcore.util.log.LogManager info
INFO: [ServletRegistrationServiceImpl] Unregistered external servlet at: /api/unregister78/*
Jan 31, 2026 8:53:55 PM org.fourz.rvnkcore.util.log.LogManager info
INFO: [ServletRegistrationServiceImpl] Unregistered external servlet at: /api/unregister84/*
Jan 31, 2026 8:53:55 PM org.fourz.rvnkcore.util.log.LogManager info
INFO: [ServletRegistrationServiceImpl] Unregistered external servlet at: /api/unregister72/*
Jan 31, 2026 8:53:55 PM org.fourz.rvnkcore.util.log.LogManager info
INFO: [ServletRegistrationServiceImpl] Unregistered external servlet at: /api/unregister80/*
Jan 31, 2026 8:53:55 PM org.fourz.rvnkcore.util.log.LogManager info
INFO: [ServletRegistrationServiceImpl] Unregistered external servlet at: /api/unregister61/*
Jan 31, 2026 8:53:55 PM org.fourz.rvnkcore.util.log.LogManager info
INFO: [ServletRegistrationServiceImpl] Unregistered external servlet at: /api/unregister83/*
Jan 31, 2026 8:53:55 PM org.fourz.rvnkcore.util.log.LogManager info
INFO: [ServletRegistrationServiceImpl] Unregistered external servlet at: /api/unregister89/*
Jan 31, 2026 8:53:55 PM org.fourz.rvnkcore.util.log.LogManager info
INFO: [ServletRegistrationServiceImpl] Unregistered external servlet at: /api/unregister77/*
Jan 31, 2026 8:53:55 PM org.fourz.rvnkcore.util.log.LogManager info
INFO: [ServletRegistrationServiceImpl] Unregistered external servlet at: /api/unregister85/*
Jan 31, 2026 8:53:55 PM org.fourz.rvnkcore.util.log.LogManager info
INFO: [ServletRegistrationServiceImpl] Unregistered external servlet at: /api/unregister66/*
Jan 31, 2026 8:53:55 PM org.fourz.rvnkcore.util.log.LogManager info
INFO: [ServletRegistrationServiceImpl] Unregistered external servlet at: /api/unregister88/*
Jan 31, 2026 8:53:55 PM org.fourz.rvnkcore.util.log.LogManager info
INFO: [ServletRegistrationServiceImpl] Unregistered external servlet at: /api/unregister94/*
Jan 31, 2026 8:53:55 PM org.fourz.rvnkcore.util.log.LogManager info
INFO: [ServletRegistrationServiceImpl] Unregistered external servlet at: /api/unregister82/*
Jan 31, 2026 8:53:55 PM org.fourz.rvnkcore.util.log.LogManager info
INFO: [ServletRegistrationServiceImpl] Unregistered external servlet at: /api/unregister90/*
Jan 31, 2026 8:53:55 PM org.fourz.rvnkcore.util.log.LogManager info
INFO: [ServletRegistrationServiceImpl] Unregistered external servlet at: /api/unregister71/*
Jan 31, 2026 8:53:55 PM org.fourz.rvnkcore.util.log.LogManager info
INFO: [ServletRegistrationServiceImpl] Unregistered external servlet at: /api/unregister93/*
Jan 31, 2026 8:53:55 PM org.fourz.rvnkcore.util.log.LogManager info
INFO: [ServletRegistrationServiceImpl] Unregistered external servlet at: /api/unregister99/*
Jan 31, 2026 8:53:55 PM org.fourz.rvnkcore.util.log.LogManager info
INFO: [ServletRegistrationServiceImpl] Unregistered external servlet at: /api/unregister87/*
Jan 31, 2026 8:53:55 PM org.fourz.rvnkcore.util.log.LogManager info
INFO: [ServletRegistrationServiceImpl] Unregistered external servlet at: /api/unregister95/*
Jan 31, 2026 8:53:55 PM org.fourz.rvnkcore.util.log.LogManager info
INFO: [ServletRegistrationServiceImpl] Unregistered external servlet at: /api/unregister76/*
Jan 31, 2026 8:53:55 PM org.fourz.rvnkcore.util.log.LogManager info
INFO: [ServletRegistrationServiceImpl] Unregistered external servlet at: /api/unregister98/*
Jan 31, 2026 8:53:55 PM org.fourz.rvnkcore.util.log.LogManager info
INFO: [ServletRegistrationServiceImpl] Unregistered external servlet at: /api/unregister92/*
Jan 31, 2026 8:53:55 PM org.fourz.rvnkcore.util.log.LogManager info
INFO: [ServletRegistrationServiceImpl] Unregistered external servlet at: /api/unregister97/*
Jan 31, 2026 8:53:55 PM org.fourz.rvnkcore.util.log.LogManager info
INFO: [ServletRegistrationServiceImpl] Unregistered external servlet at: /api/unregister81/*
Jan 31, 2026 8:53:55 PM org.fourz.rvnkcore.util.log.LogManager info
INFO: [ServletRegistrationServiceImpl] Unregistered external servlet at: /api/unregister86/*
Jan 31, 2026 8:53:55 PM org.fourz.rvnkcore.util.log.LogManager info
INFO: [ServletRegistrationServiceImpl] Unregistered external servlet at: /api/unregister91/*
Jan 31, 2026 8:53:55 PM org.fourz.rvnkcore.util.log.LogManager info
INFO: [ServletRegistrationServiceImpl] Unregistered external servlet at: /api/unregister96/*
]]></system-err>
  </testcase>
</testsuite>