<?xml version="1.0" encoding="UTF-8"?>
<testsuite xmlns:xsi="http://www.w3.org/2001/XMLSchema-instance" xsi:noNamespaceSchemaLocation="https://maven.apache.org/surefire/maven-surefire-plugin/xsd/surefire-test-report-3.0.xsd" version="3.0" name="org.fourz.rvnkcore.integration.CrossPluginIntegrationTest$ServiceLifecycleTests" time="0.026" tests="3" errors="0" skipped="0" failures="0">
  <properties>
[...]
</properties>
  <testcase name="serviceCountDuringLifecycle" classname="org.fourz.rvnkcore.integration.CrossPluginIntegrationTest$ServiceLifecycleTests" time="0.008">
    <system-err><![CDATA[Jan 31, 2026 8:53:56 PM org.fourz.rvnktools.util.log.LogManager info
INFO: [DefaultServiceRegistry] Registered service: TestServiceA
Jan 31, 2026 8:53:56 PM org.fourz.rvnktools.util.log.LogManager info
INFO: [DefaultServiceRegistry] Registered service: TestServiceB
Jan 31, 2026 8:53:56 PM org.fourz.rvnktools.util.log.LogManager info
INFO: [DefaultServiceRegistry] Unregistered service: TestServiceA
Jan 31, 2026 8:53:56 PM org.fourz.rvnktools.util.log.LogManager info
INFO: [DefaultServiceRegistry] Shutting down ServiceRegistry...
Jan 31, 2026 8:53:56 PM org.fourz.rvnktools.util.log.LogManager info
INFO: [DefaultServiceRegistry] Unregistered service: TestServiceB
Jan 31, 2026 8:53:56 PM org.fourz.rvnktools.util.log.LogManager info
INFO: [DefaultServiceRegistry] ServiceRegistry shutdown complete
Jan 31, 2026 8:53:56 PM org.fourz.rvnktools.util.log.LogManager info
INFO: [DefaultServiceRegistry] Shutting down ServiceRegistry...
Jan 31, 2026 8:53:56 PM org.fourz.rvnktools.util.log.LogManager info
INFO: [DefaultServiceRegistry] ServiceRegistry shutdown complete
]]></system-err>
  </testcase>
  <testcase name="serviceReloadSimulation" classname="org.fourz.rvnkcore.integration.CrossPluginIntegrationTest$ServiceLifecycleTests" time="0.01">
    <system-err><![CDATA[Jan 31, 2026 8:53:56 PM org.fourz.rvnktools.util.log.LogManager info
INFO: [DefaultServiceRegistry] Registered service: TestServiceA
Jan 31, 2026 8:53:56 PM org.fourz.rvnktools.util.log.LogManager info
INFO: [DefaultServiceRegistry] Unregistered service: TestServiceA
Jan 31, 2026 8:53:56 PM org.fourz.rvnktools.util.log.LogManager info
INFO: [DefaultServiceRegistry] Registered service: TestServiceA
Jan 31, 2026 8:53:56 PM org.fourz.rvnktools.util.log.LogManager info
INFO: [DefaultServiceRegistry] Shutting down ServiceRegistry...
Jan 31, 2026 8:53:56 PM org.fourz.rvnktools.util.log.LogManager info
INFO: [DefaultServiceRegistry] Unregistered service: TestServiceA
Jan 31, 2026 8:53:56 PM org.fourz.rvnktools.util.log.LogManager info
INFO: [DefaultServiceRegistry] ServiceRegistry shutdown complete
]]></system-err>
  </testcase>
  <testcase name="handleServiceDisappearance" classname="org.fourz.rvnkcore.integration.CrossPluginIntegrationTest$ServiceLifecycleTests" time="0.004">
    <system-err><![CDATA[Jan 31, 2026 8:53:56 PM org.fourz.rvnktools.util.log.LogManager info
INFO: [DefaultServiceRegistry] Registered service: TestServiceA
Jan 31, 2026 8:53:56 PM org.fourz.rvnktools.util.log.LogManager info
INFO: [DefaultServiceRegistry] Unregistered service: TestServiceA
Jan 31, 2026 8:53:56 PM org.fourz.rvnktools.util.log.LogManager info
INFO: [DefaultServiceRegistry] Shutting down ServiceRegistry...
Jan 31, 2026 8:53:56 PM org.fourz.rvnktools.util.log.LogManager info
INFO: [DefaultServiceRegistry] ServiceRegistry shutdown complete
]]></system-err>
  </testcase>
</testsuite>